<?xml version="1.0" encoding="UTF-8"?>
<testng-results ignored="0" total="1" passed="1" failed="0" skipped="0">
  <reporter-output>
  </reporter-output>
  <suite started-at="2021-07-18T02:30:45 IST" name="Default suite" finished-at="2021-07-18T02:30:45 IST" duration-ms="486">
    <groups>
    </groups>
    <test started-at="2021-07-18T02:30:45 IST" name="Default test" finished-at="2021-07-18T02:30:45 IST" duration-ms="486">
      <class name="ExtendReports.POM3Test">
        <test-method signature="pom3()[pri:0, instance:ExtendReports.POM3Test@1184ab05]" started-at="2021-07-18T02:30:45 IST" name="pom3" finished-at="2021-07-18T02:30:45 IST" duration-ms="68" status="PASS">
          <reporter-output>
          </reporter-output>
        </test-method> <!-- pom3 -->
      </class> <!-- ExtendReports.POM3Test -->
    </test> <!-- Default test -->
  </suite> <!-- Default suite -->
</testng-results>
