<?xml version="1.0" encoding="UTF-8"?>
<testng-results ignored="0" total="1" passed="1" failed="0" skipped="0">
  <reporter-output>
  </reporter-output>
  <suite started-at="2021-07-17T17:32:20 IST" name="Default suite" finished-at="2021-07-17T17:32:55 IST" duration-ms="34711">
    <groups>
    </groups>
    <test started-at="2021-07-17T17:32:20 IST" name="Default test" finished-at="2021-07-17T17:32:55 IST" duration-ms="34711">
      <class name="ExtendReports.ExtendReports">
        <test-method is-config="true" signature="config()[pri:0, instance:ExtendReports.ExtendReports@70e8f8e]" started-at="2021-07-17T17:32:20 IST" name="config" finished-at="2021-07-17T17:32:21 IST" duration-ms="839" status="PASS">
          <reporter-output>
          </reporter-output>
        </test-method> <!-- config -->
        <test-method signature="initialDemo()[pri:0, instance:ExtendReports.ExtendReports@70e8f8e]" started-at="2021-07-17T17:32:21 IST" name="initialDemo" finished-at="2021-07-17T17:32:55 IST" duration-ms="33707" status="PASS">
          <reporter-output>
          </reporter-output>
        </test-method> <!-- initialDemo -->
      </class> <!-- ExtendReports.ExtendReports -->
    </test> <!-- Default test -->
  </suite> <!-- Default suite -->
</testng-results>
