<?xml version="1.0" encoding="UTF-8"?>
<testng-results ignored="0" total="1" passed="1" failed="0" skipped="0">
  <reporter-output>
  </reporter-output>
  <suite started-at="2021-07-17T20:13:07 IST" name="Default suite" finished-at="2021-07-17T20:13:58 IST" duration-ms="51305">
    <groups>
    </groups>
    <test started-at="2021-07-17T20:13:07 IST" name="Default test" finished-at="2021-07-17T20:13:58 IST" duration-ms="51305">
      <class name="Repo.InnsightLogin2">
        <test-method is-config="true" signature="beforeTest()[pri:0, instance:Repo.InnsightLogin2@7a4ccb53]" started-at="2021-07-17T20:13:07 IST" name="beforeTest" finished-at="2021-07-17T20:13:19 IST" duration-ms="12269" status="PASS">
          <reporter-output>
          </reporter-output>
        </test-method> <!-- beforeTest -->
        <test-method signature="INNSIGHTLogin2()[pri:0, instance:Repo.InnsightLogin2@7a4ccb53]" started-at="2021-07-17T20:13:19 IST" name="INNSIGHTLogin2" finished-at="2021-07-17T20:13:58 IST" duration-ms="38822" status="PASS">
          <reporter-output>
          </reporter-output>
        </test-method> <!-- INNSIGHTLogin2 -->
      </class> <!-- Repo.InnsightLogin2 -->
    </test> <!-- Default test -->
  </suite> <!-- Default suite -->
</testng-results>
