<?xml version="1.0" encoding="UTF-8"?>
<testng-results ignored="0" total="1" passed="1" failed="0" skipped="0">
  <reporter-output>
  </reporter-output>
  <suite started-at="2021-07-18T02:01:14 IST" name="Default suite" finished-at="2021-07-18T02:04:38 IST" duration-ms="203767">
    <groups>
    </groups>
    <test started-at="2021-07-18T02:01:14 IST" name="Default test" finished-at="2021-07-18T02:04:38 IST" duration-ms="203767">
      <class name="Naukri.comUpdate.profileUpdate">
        <test-method is-config="true" signature="beforeTest()[pri:0, instance:Naukri.comUpdate.profileUpdate@2aece37d]" started-at="2021-07-18T02:01:14 IST" name="beforeTest" finished-at="2021-07-18T02:02:32 IST" duration-ms="77559" status="PASS">
          <reporter-output>
          </reporter-output>
        </test-method> <!-- beforeTest -->
        <test-method signature="NaukriLogin()[pri:0, instance:Naukri.comUpdate.profileUpdate@2aece37d]" started-at="2021-07-18T02:02:32 IST" name="NaukriLogin" finished-at="2021-07-18T02:04:11 IST" duration-ms="98634" status="PASS">
          <reporter-output>
          </reporter-output>
        </test-method> <!-- NaukriLogin -->
        <test-method is-config="true" signature="afterTest()[pri:0, instance:Naukri.comUpdate.profileUpdate@2aece37d]" started-at="2021-07-18T02:04:11 IST" name="afterTest" finished-at="2021-07-18T02:04:38 IST" duration-ms="27428" status="PASS">
          <reporter-output>
          </reporter-output>
        </test-method> <!-- afterTest -->
      </class> <!-- Naukri.comUpdate.profileUpdate -->
    </test> <!-- Default test -->
  </suite> <!-- Default suite -->
</testng-results>
